{
  "RSpec": {
    "coverage": {
      "/Users/lkn8/workspace/ror/rsmile/spec/requests/api/v1/participants_spec.rb": {
        "lines": [
          1,
          null,
          1,
          1,
          1,
          1,
          1,
          1,
          null,
          1,
          null,
          null,
          null,
          null,
          null,
          null,
          null,
          null,
          null,
          null,
          null
        ]
      },
      "/Users/lkn8/workspace/ror/rsmile/spec/rails_helper.rb": {
        "lines": [
          null,
          1,
          1,
          1,
          null,
          1,
          1,
          null,
          1,
          null,
          null,
          null,
          null,
          null,
          null,
          null,
          null,
          null,
          null,
          null,
          null,
          null,
          null,
          4,
          null,
          1,
          1,
          1,
          1,
          null,
          null,
          null,
          null,
          null,
          null,
          1,
          null,
          0,
          0,
          null,
          1,
          null,
          1,
          null,
          null,
          null,
          null,
          1,
          null,
          null,
          null,
          null,
          null,
          null,
          null,
          null,
          null,
          null,
          null,
          null,
          null,
          null,
          null,
          null,
          null,
          1,
          null,
          null,
          1,
          null,
          null,
          null,
          1,
          null,
          null
        ]
      },
      "/Users/lkn8/workspace/ror/rsmile/config/environment.rb": {
        "lines": [
          null,
          1,
          null,
          null,
          1
        ]
      },
      "/Users/lkn8/workspace/ror/rsmile/config/application.rb": {
        "lines": [
          1,
          null,
          1,
          null,
          null,
          null,
          1,
          null,
          1,
          1,
          null,
          1,
          null,
          null,
          null,
          null,
          null,
          null,
          null,
          null,
          null,
          null
        ]
      },
      "/Users/lkn8/workspace/ror/rsmile/config/boot.rb": {
        "lines": [
          1,
          null,
          1,
          1
        ]
      },
      "/Users/lkn8/workspace/ror/rsmile/config/environments/test.rb": {
        "lines": [
          1,
          null,
          null,
          null,
          null,
          null,
          null,
          1,
          null,
          null,
          1,
          1,
          null,
          null,
          null,
          null,
          1,
          null,
          null,
          1,
          1,
          null,
          null,
          null,
          null,
          1,
          1,
          1,
          null,
          null,
          1,
          null,
          null,
          1,
          null,
          null,
          1,
          null,
          1,
          null,
          null,
          null,
          null,
          1,
          null,
          null,
          1,
          null,
          null,
          1,
          null,
          null,
          1,
          null,
          null,
          null,
          null,
          null,
          null,
          null
        ]
      },
      "/Users/lkn8/workspace/ror/rsmile/config/initializers/application_controller_renderer.rb": {
        "lines": [
          null,
          null,
          null,
          null,
          null,
          null,
          null,
          null
        ]
      },
      "/Users/lkn8/workspace/ror/rsmile/config/initializers/assets.rb": {
        "lines": [
          null,
          null,
          null,
          1,
          null,
          null,
          null,
          null,
          1,
          null,
          null,
          null,
          null,
          null
        ]
      },
      "/Users/lkn8/workspace/ror/rsmile/config/initializers/backtrace_silencers.rb": {
        "lines": [
          null,
          null,
          null,
          null,
          null,
          null,
          null,
          1
        ]
      },
      "/Users/lkn8/workspace/ror/rsmile/config/initializers/content_security_policy.rb": {
        "lines": [
          null,
          null,
          null,
          null,
          null,
          null,
          null,
          null,
          null,
          null,
          null,
          null,
          null,
          null,
          null,
          null,
          null,
          null,
          null,
          null,
          null,
          null,
          null,
          null,
          null,
          null,
          null,
          null,
          null,
          null
        ]
      },
      "/Users/lkn8/workspace/ror/rsmile/config/initializers/cookies_serializer.rb": {
        "lines": [
          null,
          null,
          null,
          null,
          1
        ]
      },
      "/Users/lkn8/workspace/ror/rsmile/config/initializers/filter_parameter_logging.rb": {
        "lines": [
          null,
          null,
          null,
          1,
          null,
          null
        ]
      },
      "/Users/lkn8/workspace/ror/rsmile/config/initializers/inflections.rb": {
        "lines": [
          null,
          null,
          null,
          null,
          null,
          null,
          null,
          null,
          null,
          null,
          null,
          null,
          null,
          null,
          null,
          null
        ]
      },
      "/Users/lkn8/workspace/ror/rsmile/config/initializers/mime_types.rb": {
        "lines": [
          null,
          null,
          null,
          null
        ]
      },
      "/Users/lkn8/workspace/ror/rsmile/config/initializers/permissions_policy.rb": {
        "lines": [
          null,
          null,
          null,
          null,
          null,
          null,
          null,
          null,
          null,
          null,
          null
        ]
      },
      "/Users/lkn8/workspace/ror/rsmile/config/initializers/wrap_parameters.rb": {
        "lines": [
          null,
          null,
          null,
          null,
          null,
          null,
          1,
          2,
          null,
          null,
          null,
          null,
          null,
          null
        ]
      },
      "/Users/lkn8/workspace/ror/rsmile/spec/factories/participant.rb": {
        "lines": [
          1,
          1,
          11,
          11,
          11,
          11,
          11,
          null,
          null
        ]
      },
      "/Users/lkn8/workspace/ror/rsmile/config/routes.rb": {
        "lines": [
          1,
          1,
          1,
          1,
          1,
          null,
          null,
          null,
          1,
          1,
          1,
          null,
          1,
          null
        ]
      },
      "/Users/lkn8/workspace/ror/rsmile/app/helpers/api/v1/participants_helper.rb": {
        "lines": [
          1,
          null
        ]
      },
      "/Users/lkn8/workspace/ror/rsmile/app/helpers/api_keys_helper.rb": {
        "lines": [
          1,
          null
        ]
      },
      "/Users/lkn8/workspace/ror/rsmile/app/helpers/application_helper.rb": {
        "lines": [
          1,
          null
        ]
      },
      "/Users/lkn8/workspace/ror/rsmile/app/helpers/participants_helper.rb": {
        "lines": [
          1,
          null
        ]
      },
      "/Users/lkn8/workspace/ror/rsmile/app/helpers/survey_responses_helper.rb": {
        "lines": [
          1,
          null
        ]
      },
      "/Users/lkn8/workspace/ror/rsmile/spec/support/database_cleaner.rb": {
        "lines": [
          1,
          1,
          1,
          null,
          1,
          1,
          null,
          1,
          1,
          null,
          1,
          1,
          null,
          null
        ]
      },
      "/Users/lkn8/workspace/ror/rsmile/spec/support/factory_bot.rb": {
        "lines": [
          1,
          1,
          null
        ]
      },
      "/Users/lkn8/workspace/ror/rsmile/spec/support/request_helper.rb": {
        "lines": [
          1,
          1,
          1,
          0,
          null,
          null,
          null,
          null,
          1,
          1,
          null
        ]
      },
      "/Users/lkn8/workspace/ror/rsmile/app/models/participant.rb": {
        "lines": [
          null,
          null,
          null,
          null,
          null,
          null,
          null,
          null,
          null,
          null,
          null,
          null,
          null,
          null,
          null,
          null,
          null,
          1,
          1,
          null
        ]
      },
      "/Users/lkn8/workspace/ror/rsmile/app/models/application_record.rb": {
        "lines": [
          1,
          1,
          null
        ]
      },
      "/Users/lkn8/workspace/ror/rsmile/app/controllers/api/v1/participants_controller.rb": {
        "lines": [
          1,
          1,
          1,
          null,
          null,
          1,
          0,
          null,
          null
        ]
      },
      "/Users/lkn8/workspace/ror/rsmile/app/controllers/api_controller.rb": {
        "lines": [
          1,
          null
        ]
      }
    },
    "timestamp": 1632341054
  }
}
